98.08.11 14:10 B F:\download sargeweb\background.gif <-- Sarge /fn/data/menus/arts/sarge background.gif
98.08.11 14:10 B F:\download sargeweb\bandmap.html <-- Sarge /fn/data/menus/arts/sarge bandmap.html
98.08.11 14:10 B F:\download sargeweb\bands.html <-- Sarge /fn/data/menus/arts/sarge bands.html
98.08.11 14:10 B F:\download sargeweb\bandstitle.gif <-- Sarge /fn/data/menus/arts/sarge bandstitle.gif
98.08.11 14:10 B F:\download sargeweb\bh.html <-- Sarge /fn/data/menus/arts/sarge bh.html
98.08.11 14:10 B F:\download sargeweb\bhtitle.gif <-- Sarge /fn/data/menus/arts/sarge bhtitle.gif
98.08.11 14:10 B F:\download sargeweb\body.html <-- Sarge /fn/data/menus/arts/sarge body.html
98.08.11 14:10 B F:\download sargeweb\chad.html <-- Sarge /fn/data/menus/arts/sarge chad.html
98.08.11 14:10 B F:\download sargeweb\chadtitle.gif <-- Sarge /fn/data/menus/arts/sarge chadtitle.gif
98.08.11 14:10 B F:\download sargeweb\charcoal.html <-- Sarge /fn/data/menus/arts/sarge charcoal.html
98.08.11 14:11 B F:\download sargeweb\charcoallyrics.html <-- Sarge /fn/data/menus/arts/sarge charcoallyrics.html
98.08.11 14:11 B F:\download sargeweb\charreviews.html <-- Sarge /fn/data/menus/arts/sarge charreviews.html
98.08.11 14:11 B F:\download sargeweb\chartitle.gif <-- Sarge /fn/data/menus/arts/sarge chartitle.gif
98.08.11 14:11 B F:\download sargeweb\comps.html <-- Sarge /fn/data/menus/arts/sarge comps.html
98.08.11 14:11 B F:\download sargeweb\compstitle.gif <-- Sarge /fn/data/menus/arts/sarge compstitle.gif
98.08.11 14:11 B F:\download sargeweb\current.html <-- Sarge /fn/data/menus/arts/sarge current.html
98.08.11 14:11 B F:\download sargeweb\eliz.html <-- Sarge /fn/data/menus/arts/sarge eliz.html
98.08.11 14:11 B F:\download sargeweb\eliztitle.gif <-- Sarge /fn/data/menus/arts/sarge eliztitle.gif
98.08.11 14:11 B F:\download sargeweb\gbmap.html <-- Sarge /fn/data/menus/arts/sarge gbmap.html
98.08.11 14:11 B F:\download sargeweb\glassintact.gif <-- Sarge /fn/data/menus/arts/sarge glassintact.gif
98.08.11 14:11 B F:\download sargeweb\glasslyrics.html <-- Sarge /fn/data/menus/arts/sarge glasslyrics.html
98.08.11 14:11 B F:\download sargeweb\gta.gif <-- Sarge /fn/data/menus/arts/sarge gta.gif
98.08.11 14:11 B F:\download sargeweb\gti.html <-- Sarge /fn/data/menus/arts/sarge gti.html
98.08.11 14:11 B F:\download sargeweb\gtireviews.html <-- Sarge /fn/data/menus/arts/sarge gtireviews.html
98.08.11 14:11 B F:\download sargeweb\gtititle.gif <-- Sarge /fn/data/menus/arts/sarge gtititle.gif
98.08.11 14:11 B F:\download sargeweb\home5.html <-- Sarge /fn/data/menus/arts/sarge home5.html
98.08.11 14:11 B F:\download sargeweb\index.html <-- Sarge /fn/data/menus/arts/sarge index.html
98.08.11 14:11 B F:\download sargeweb\info.html <-- Sarge /fn/data/menus/arts/sarge info.html
98.08.11 14:11 B F:\download sargeweb\infomenu.gif <-- Sarge /fn/data/menus/arts/sarge infomenu.gif
98.08.11 14:11 B F:\download sargeweb\infomenu.html <-- Sarge /fn/data/menus/arts/sarge infomenu.html
98.08.11 14:11 B F:\download sargeweb\labels.html <-- Sarge /fn/data/menus/arts/sarge labels.html
98.08.11 14:11 B F:\download sargeweb\labelstitle.gif <-- Sarge /fn/data/menus/arts/sarge labelstitle.gif
98.08.11 14:11 B F:\download sargeweb\linksmap.html <-- Sarge /fn/data/menus/arts/sarge linksmap.html
98.08.11 14:11 B F:\download sargeweb\linksmenu.gif <-- Sarge /fn/data/menus/arts/sarge linksmenu.gif
98.08.11 14:11 B F:\download sargeweb\linksmenu.html <-- Sarge /fn/data/menus/arts/sarge linksmenu.html
98.08.11 14:11 B F:\download sargeweb\lyricstitle.gif <-- Sarge /fn/data/menus/arts/sarge lyricstitle.gif
98.08.11 14:11 B F:\download sargeweb\menu1.html <-- Sarge /fn/data/menus/arts/sarge menu1.html
98.08.11 14:11 B F:\download sargeweb\menu2.html <-- Sarge /fn/data/menus/arts/sarge menu2.html
98.08.11 14:11 B F:\download sargeweb\misc.html <-- Sarge /fn/data/menus/arts/sarge misc.html
98.08.11 14:11 B F:\download sargeweb\misctitle.gif <-- Sarge /fn/data/menus/arts/sarge misctitle.gif
98.08.11 14:11 B F:\download sargeweb\mud.html <-- Sarge /fn/data/menus/arts/sarge mud.html
98.08.11 14:11 B F:\download sargeweb\mudcd.gif <-- Sarge /fn/data/menus/arts/sarge mudcd.gif
98.08.11 14:11 B F:\download sargeweb\mudsingle.jpg <-- Sarge /fn/data/menus/arts/sarge mudsingle.jpg
98.08.11 14:12 B F:\download sargeweb\mudtitle.gif <-- Sarge /fn/data/menus/arts/sarge mudtitle.gif
98.08.11 14:12 B F:\download sargeweb\musicmap.html <-- Sarge /fn/data/menus/arts/sarge musicmap.html
98.08.11 14:12 B F:\download sargeweb\musicmenu.gif <-- Sarge /fn/data/menus/arts/sarge musicmenu.gif
98.08.11 14:12 B F:\download sargeweb\musicmenu.html <-- Sarge /fn/data/menus/arts/sarge musicmenu.html
98.08.11 14:12 B F:\download sargeweb\newinfo.gif <-- Sarge /fn/data/menus/arts/sarge newinfo.gif
98.08.11 14:12 B F:\download sargeweb\news.html <-- Sarge /fn/data/menus/arts/sarge news.html
98.08.11 14:12 B F:\download sargeweb\newsmap.html <-- Sarge /fn/data/menus/arts/sarge newsmap.html
98.08.11 14:12 B F:\download sargeweb\newsmap1.html <-- Sarge /fn/data/menus/arts/sarge newsmap1.html
98.08.11 14:12 B F:\download sargeweb\newstitle.gif <-- Sarge /fn/data/menus/arts/sarge newstitle.gif
98.08.11 14:12 B F:\download sargeweb\pictframe.html <-- Sarge /fn/data/menus/arts/sarge pictframe.html
98.08.11 14:12 B F:\download sargeweb\pictsmap.html <-- Sarge /fn/data/menus/arts/sarge pictsmap.html
98.08.11 14:12 B F:\download sargeweb\previous.html <-- Sarge /fn/data/menus/arts/sarge previous.html
98.08.11 14:12 B F:\download sargeweb\previoustitle.gif <-- Sarge /fn/data/menus/arts/sarge previoustitle.gif
98.08.11 14:12 B F:\download sargeweb\rachel.html <-- Sarge /fn/data/menus/arts/sarge rachel.html
98.08.11 14:12 B F:\download sargeweb\rachtitle.gif <-- Sarge /fn/data/menus/arts/sarge rachtitle.gif
98.08.11 14:12 B F:\download sargeweb\reviews.html <-- Sarge /fn/data/menus/arts/sarge reviews.html
98.08.11 14:12 B F:\download sargeweb\reviewtitle.gif <-- Sarge /fn/data/menus/arts/sarge reviewtitle.gif
98.08.11 14:12 B F:\download sargeweb\sarge6.gif <-- Sarge /fn/data/menus/arts/sarge sarge6.gif
98.08.11 14:12 B F:\download sargeweb\sargeband.gif <-- Sarge /fn/data/menus/arts/sarge sargeband.gif
98.08.11 14:12 B F:\download sargeweb\sargeband.html <-- Sarge /fn/data/menus/arts/sarge sargeband.html
98.08.11 14:12 B F:\download sargeweb\sargeemail.gif <-- Sarge /fn/data/menus/arts/sarge sargeemail.gif
98.08.11 14:12 B F:\download sargeweb\sargegb.gif <-- Sarge /fn/data/menus/arts/sarge sargegb.gif
98.08.11 14:12 B F:\download sargeweb\sargegb.html <-- Sarge /fn/data/menus/arts/sarge sargegb.html
98.08.11 14:12 B F:\download sargeweb\sargelinks.gif <-- Sarge /fn/data/menus/arts/sarge sargelinks.gif
98.08.11 14:12 B F:\download sargeweb\sargelinks.html <-- Sarge /fn/data/menus/arts/sarge sargelinks.html
98.08.11 14:12 B F:\download sargeweb\sargelogo.html <-- Sarge /fn/data/menus/arts/sarge sargelogo.html
98.08.11 14:12 B F:\download sargeweb\sargelogo2.gif <-- Sarge /fn/data/menus/arts/sarge sargelogo2.gif
98.08.11 14:12 B F:\download sargeweb\sargelogo3.gif <-- Sarge /fn/data/menus/arts/sarge sargelogo3.gif
98.08.11 14:12 B F:\download sargeweb\sargemenu.gif <-- Sarge /fn/data/menus/arts/sarge sargemenu.gif
98.08.11 14:12 B F:\download sargeweb\sargemenu2.gif <-- Sarge /fn/data/menus/arts/sarge sargemenu2.gif
98.08.11 14:12 B F:\download sargeweb\sargemusic.gif <-- Sarge /fn/data/menus/arts/sarge sargemusic.gif
98.08.11 14:12 B F:\download sargeweb\sargemusic.html <-- Sarge /fn/data/menus/arts/sarge sargemusic.html
98.08.11 14:12 B F:\download sargeweb\sargenews.gif <-- Sarge /fn/data/menus/arts/sarge sargenews.gif
98.08.11 14:12 B F:\download sargeweb\sargenews.html <-- Sarge /fn/data/menus/arts/sarge sargenews.html
98.08.11 14:12 B F:\download sargeweb\sargenews.txt <-- Sarge /fn/data/menus/arts/sarge sargenews.txt
98.08.11 14:13 B F:\download sargeweb\sargepics.gif <-- Sarge /fn/data/menus/arts/sarge sargepics.gif
98.08.11 14:13 B F:\download sargeweb\sargepicts.html <-- Sarge /fn/data/menus/arts/sarge sargepicts.html
98.08.11 14:13 B F:\download sargeweb\sargeshows.gif <-- Sarge /fn/data/menus/arts/sarge sargeshows.gif
98.08.11 14:13 B F:\download sargeweb\sargeshows.html <-- Sarge /fn/data/menus/arts/sarge sargeshows.html
98.08.11 14:13 B F:\download sargeweb\sargetop.gif <-- Sarge /fn/data/menus/arts/sarge sargetop.gif
98.08.11 14:13 B F:\download sargeweb\seven.html <-- Sarge /fn/data/menus/arts/sarge seven.html
98.08.11 14:13 B F:\download sargeweb\sevintitle.gif <-- Sarge /fn/data/menus/arts/sarge sevintitle.gif
98.08.11 14:13 B F:\download sargeweb\showmenu.html <-- Sarge /fn/data/menus/arts/sarge showmenu.html
98.08.11 14:13 B F:\download sargeweb\showsmap.html <-- Sarge /fn/data/menus/arts/sarge showsmap.html
98.08.11 14:13 B F:\download sargeweb\showsmenu.gif <-- Sarge /fn/data/menus/arts/sarge showsmenu.gif
98.08.11 14:13 B F:\download sargeweb\showstitle.gif <-- Sarge /fn/data/menus/arts/sarge showstitle.gif
98.08.11 14:13 B F:\download sargeweb\sound.html <-- Sarge /fn/data/menus/arts/sarge sound.html
98.08.11 14:13 B F:\download sargeweb\soundtitle.gif <-- Sarge /fn/data/menus/arts/sarge soundtitle.gif
98.08.11 14:13 B F:\download sargeweb\stores.html <-- Sarge /fn/data/menus/arts/sarge stores.html
98.08.11 14:13 B F:\download sargeweb\storestitle.gif <-- Sarge /fn/data/menus/arts/sarge storestitle.gif
98.08.11 14:13 B F:\download sargeweb\thumbnail1.html <-- Sarge /fn/data/menus/arts/sarge thumbnail1.html
98.08.11 14:13 B F:\download sargeweb\trialmenu.html <-- Sarge /fn/data/menus/arts/sarge trialmenu.html
98.08.11 14:13 B F:\download sargeweb\zines.html <-- Sarge /fn/data/menus/arts/sarge zines.html
98.08.11 14:13 B F:\download sargeweb\zinestitle.gif <-- Sarge /fn/data/menus/arts/sarge zinestitle.gif
98.08.11 14:39 B F:\download sargeweb\background.gif --> prairienet.org /fn/data/menus/arts/sarge background.gif
98.08.11 14:39 B F:\download sargeweb\bandmap.html --> prairienet.org /fn/data/menus/arts/sarge bandmap.html
98.08.11 14:39 B F:\download sargeweb\bands.html --> prairienet.org /fn/data/menus/arts/sarge bands.html
98.08.11 14:39 B F:\download sargeweb\bandstitle.gif --> prairienet.org /fn/data/menus/arts/sarge bandstitle.gif
98.08.11 14:39 B F:\download sargeweb\bh.html --> prairienet.org /fn/data/menus/arts/sarge bh.html
98.08.11 14:39 B F:\download sargeweb\bhtitle.gif --> prairienet.org /fn/data/menus/arts/sarge bhtitle.gif
98.08.11 14:39 B F:\download sargeweb\body.html --> prairienet.org /fn/data/menus/arts/sarge body.html
98.08.11 14:39 B F:\download sargeweb\chad.html --> prairienet.org /fn/data/menus/arts/sarge chad.html
98.08.11 14:39 B F:\download sargeweb\chadtitle.gif --> prairienet.org /fn/data/menus/arts/sarge chadtitle.gif
98.08.11 14:39 B F:\download sargeweb\charcoal.html --> prairienet.org /fn/data/menus/arts/sarge charcoal.html
98.08.11 14:39 B F:\download sargeweb\charcoallyrics.html --> prairienet.org /fn/data/menus/arts/sarge charcoallyrics.html
98.08.11 14:39 B F:\download sargeweb\charreviews.html --> prairienet.org /fn/data/menus/arts/sarge charreviews.html
98.08.11 14:39 B F:\download sargeweb\chartitle.gif --> prairienet.org /fn/data/menus/arts/sarge chartitle.gif
98.08.11 14:39 B F:\download sargeweb\comps.html --> prairienet.org /fn/data/menus/arts/sarge comps.html
98.08.11 14:39 B F:\download sargeweb\compstitle.gif --> prairienet.org /fn/data/menus/arts/sarge compstitle.gif
98.08.11 14:39 B F:\download sargeweb\current.html --> prairienet.org /fn/data/menus/arts/sarge current.html
98.08.11 14:39 B F:\download sargeweb\eliz.html --> prairienet.org /fn/data/menus/arts/sarge eliz.html
98.08.11 14:39 B F:\download sargeweb\eliztitle.gif --> prairienet.org /fn/data/menus/arts/sarge eliztitle.gif
98.08.11 14:39 B F:\download sargeweb\gbmap.html --> prairienet.org /fn/data/menus/arts/sarge gbmap.html
98.08.11 14:40 B F:\download sargeweb\glassintact.gif --> prairienet.org /fn/data/menus/arts/sarge glassintact.gif
98.08.11 14:40 B F:\download sargeweb\glasslyrics.html --> prairienet.org /fn/data/menus/arts/sarge glasslyrics.html
98.08.11 14:40 B F:\download sargeweb\gta.gif --> prairienet.org /fn/data/menus/arts/sarge gta.gif
98.08.11 14:40 B F:\download sargeweb\gti.html --> prairienet.org /fn/data/menus/arts/sarge gti.html
98.08.11 14:40 B F:\download sargeweb\gtireviews.html --> prairienet.org /fn/data/menus/arts/sarge gtireviews.html
98.08.11 14:40 B F:\download sargeweb\gtititle.gif --> prairienet.org /fn/data/menus/arts/sarge gtititle.gif
98.08.11 14:40 B F:\download sargeweb\home5.html --> prairienet.org /fn/data/menus/arts/sarge home5.html
98.08.11 14:40 B F:\download sargeweb\index.html --> prairienet.org /fn/data/menus/arts/sarge index.html
98.08.11 14:40 B F:\download sargeweb\infomenu.gif --> prairienet.org /fn/data/menus/arts/sarge infomenu.gif
98.08.11 14:40 B F:\download sargeweb\infomenu.html --> prairienet.org /fn/data/menus/arts/sarge infomenu.html
98.08.11 14:40 B F:\download sargeweb\labels.html --> prairienet.org /fn/data/menus/arts/sarge labels.html
98.08.11 14:40 B F:\download sargeweb\labelstitle.gif --> prairienet.org /fn/data/menus/arts/sarge labelstitle.gif
98.08.11 14:40 B F:\download sargeweb\linksmap.html --> prairienet.org /fn/data/menus/arts/sarge linksmap.html
98.08.11 14:40 B F:\download sargeweb\linksmenu.gif --> prairienet.org /fn/data/menus/arts/sarge linksmenu.gif
98.08.11 14:40 B F:\download sargeweb\linksmenu.html --> prairienet.org /fn/data/menus/arts/sarge linksmenu.html
98.08.11 14:40 B F:\download sargeweb\lyricstitle.gif --> prairienet.org /fn/data/menus/arts/sarge lyricstitle.gif
98.08.11 14:40 B F:\download sargeweb\menu1.html --> prairienet.org /fn/data/menus/arts/sarge menu1.html
98.08.11 14:40 B F:\download sargeweb\menu2.html --> prairienet.org /fn/data/menus/arts/sarge menu2.html
98.08.11 14:40 B F:\download sargeweb\misc.html --> prairienet.org /fn/data/menus/arts/sarge misc.html
98.08.11 14:40 B F:\download sargeweb\misctitle.gif --> prairienet.org /fn/data/menus/arts/sarge misctitle.gif
98.08.11 14:41 B F:\download sargeweb\mudcd.gif --> prairienet.org /fn/data/menus/arts/sarge mudcd.gif
98.08.11 14:41 B F:\download sargeweb\mudsingle.jpg --> prairienet.org /fn/data/menus/arts/sarge mudsingle.jpg
98.08.11 14:41 B F:\download sargeweb\mudtitle.gif --> prairienet.org /fn/data/menus/arts/sarge mudtitle.gif
98.08.11 14:41 B F:\download sargeweb\musicmap.html --> prairienet.org /fn/data/menus/arts/sarge musicmap.html
98.08.11 14:41 B F:\download sargeweb\musicmenu.gif --> prairienet.org /fn/data/menus/arts/sarge musicmenu.gif
98.08.11 14:41 B F:\download sargeweb\musicmenu.html --> prairienet.org /fn/data/menus/arts/sarge musicmenu.html
98.08.11 14:41 B F:\download sargeweb\newinfo.gif --> prairienet.org /fn/data/menus/arts/sarge newinfo.gif
98.08.11 14:41 B F:\download sargeweb\news.html --> prairienet.org /fn/data/menus/arts/sarge news.html
98.08.11 14:41 B F:\download sargeweb\newsmap.html --> prairienet.org /fn/data/menus/arts/sarge newsmap.html
98.08.11 14:41 B F:\download sargeweb\newsmap1.html --> prairienet.org /fn/data/menus/arts/sarge newsmap1.html
98.08.11 14:41 B F:\download sargeweb\newstitle.gif --> prairienet.org /fn/data/menus/arts/sarge newstitle.gif
98.08.11 14:41 B F:\download sargeweb\pictframe.html --> prairienet.org /fn/data/menus/arts/sarge pictframe.html
98.08.11 14:41 B F:\download sargeweb\pictsmap.html --> prairienet.org /fn/data/menus/arts/sarge pictsmap.html
98.08.11 14:41 B F:\download sargeweb\previous.html --> prairienet.org /fn/data/menus/arts/sarge previous.html
98.08.11 14:41 B F:\download sargeweb\previoustitle.gif --> prairienet.org /fn/data/menus/arts/sarge previoustitle.gif
98.08.11 14:41 B F:\download sargeweb\rachel.html --> prairienet.org /fn/data/menus/arts/sarge rachel.html
98.08.11 14:41 B F:\download sargeweb\rachtitle.gif --> prairienet.org /fn/data/menus/arts/sarge rachtitle.gif
98.08.11 14:41 B F:\download sargeweb\reviews.html --> prairienet.org /fn/data/menus/arts/sarge reviews.html
98.08.11 14:41 B F:\download sargeweb\reviewtitle.gif --> prairienet.org /fn/data/menus/arts/sarge reviewtitle.gif
98.08.11 14:41 B F:\download sargeweb\sarge6.gif --> prairienet.org /fn/data/menus/arts/sarge sarge6.gif
98.08.11 14:41 B F:\download sargeweb\sargeband.gif --> prairienet.org /fn/data/menus/arts/sarge sargeband.gif
98.08.11 14:41 B F:\download sargeweb\sargeband.html --> prairienet.org /fn/data/menus/arts/sarge sargeband.html
98.08.11 14:42 B F:\download sargeweb\sargeemail.gif --> prairienet.org /fn/data/menus/arts/sarge sargeemail.gif
98.08.11 14:42 B F:\download sargeweb\sargegb.gif --> prairienet.org /fn/data/menus/arts/sarge sargegb.gif
98.08.11 14:42 B F:\download sargeweb\sargegb.html --> prairienet.org /fn/data/menus/arts/sarge sargegb.html
98.08.11 14:42 B F:\download sargeweb\sargelinks.gif --> prairienet.org /fn/data/menus/arts/sarge sargelinks.gif
98.08.11 14:42 B F:\download sargeweb\sargelinks.html --> prairienet.org /fn/data/menus/arts/sarge sargelinks.html
98.08.11 14:42 B F:\download sargeweb\sargelogo.html --> prairienet.org /fn/data/menus/arts/sarge sargelogo.html
98.08.11 14:42 B F:\download sargeweb\sargelogo2.gif --> prairienet.org /fn/data/menus/arts/sarge sargelogo2.gif
98.08.11 14:42 B F:\download sargeweb\sargelogo3.gif --> prairienet.org /fn/data/menus/arts/sarge sargelogo3.gif
98.08.11 14:42 B F:\download sargeweb\sargemenu.gif --> prairienet.org /fn/data/menus/arts/sarge sargemenu.gif
98.08.11 14:42 B F:\download sargeweb\sargemenu2.gif --> prairienet.org /fn/data/menus/arts/sarge sargemenu2.gif
98.08.11 14:42 B F:\download sargeweb\sargemusic.gif --> prairienet.org /fn/data/menus/arts/sarge sargemusic.gif
98.08.11 14:42 B F:\download sargeweb\sargemusic.html --> prairienet.org /fn/data/menus/arts/sarge sargemusic.html
98.08.11 14:42 B F:\download sargeweb\sargenews.gif --> prairienet.org /fn/data/menus/arts/sarge sargenews.gif
98.08.11 14:42 B F:\download sargeweb\sargenews.html --> prairienet.org /fn/data/menus/arts/sarge sargenews.html
98.08.11 14:42 B F:\download sargeweb\sargenews.txt --> prairienet.org /fn/data/menus/arts/sarge sargenews.txt
98.08.11 14:42 B F:\download sargeweb\sargepics.gif --> prairienet.org /fn/data/menus/arts/sarge sargepics.gif
98.08.11 14:42 B F:\download sargeweb\sargepicts.html --> prairienet.org /fn/data/menus/arts/sarge sargepicts.html
98.08.11 14:42 B F:\download sargeweb\sargeshows.gif --> prairienet.org /fn/data/menus/arts/sarge sargeshows.gif
98.08.11 14:42 B F:\download sargeweb\sargeshows.html --> prairienet.org /fn/data/menus/arts/sarge sargeshows.html
98.08.11 14:42 B F:\download sargeweb\sargetop.gif --> prairienet.org /fn/data/menus/arts/sarge sargetop.gif
98.08.11 14:42 B F:\download sargeweb\seven.html --> prairienet.org /fn/data/menus/arts/sarge seven.html
98.08.11 14:42 B F:\download sargeweb\sevintitle.gif --> prairienet.org /fn/data/menus/arts/sarge sevintitle.gif
98.08.11 14:42 B F:\download sargeweb\showmenu.html --> prairienet.org /fn/data/menus/arts/sarge showmenu.html
98.08.11 14:42 B F:\download sargeweb\showsmap.html --> prairienet.org /fn/data/menus/arts/sarge showsmap.html
98.08.11 14:42 B F:\download sargeweb\showsmenu.gif --> prairienet.org /fn/data/menus/arts/sarge showsmenu.gif
98.08.11 14:42 B F:\download sargeweb\showstitle.gif --> prairienet.org /fn/data/menus/arts/sarge showstitle.gif
98.08.11 14:42 B F:\download sargeweb\sound.html --> prairienet.org /fn/data/menus/arts/sarge sound.html
98.08.11 14:42 B F:\download sargeweb\soundtitle.gif --> prairienet.org /fn/data/menus/arts/sarge soundtitle.gif
98.08.11 14:42 B F:\download sargeweb\stores.html --> prairienet.org /fn/data/menus/arts/sarge stores.html
98.08.11 14:42 B F:\download sargeweb\storestitle.gif --> prairienet.org /fn/data/menus/arts/sarge storestitle.gif
98.08.11 14:43 B F:\download sargeweb\thumbnail1.html --> prairienet.org /fn/data/menus/arts/sarge thumbnail1.html
98.08.11 14:43 B F:\download sargeweb\trialmenu.html --> prairienet.org /fn/data/menus/arts/sarge trialmenu.html
98.12.05 20:22 B C:\Sarge Web\WS_FTP.LOG <-- Sarge /fn/data/menus/arts/sarge WS_FTP.LOG
98.12.05 20:22 B C:\Sarge Web\zines.html <-- Sarge /fn/data/menus/arts/sarge zines.html
98.12.05 20:22 B C:\Sarge Web\zinestitle.gif <-- Sarge /fn/data/menus/arts/sarge zinestitle.gif
98.12.06 00:07 B c:\sarge web\bands.html --> prairienet.org /fn/data/menus/arts/sarge bands.html
98.12.06 00:07 B c:\sarge web\labels.html --> prairienet.org /fn/data/menus/arts/sarge labels.html
